<?xml version="1.0" encoding="UTF-8"?>
<!-- Generated by org.testng.reporters.JUnitReportReporter -->
<testsuite hostname="DESKTOP-IU57QIH" failures="0" tests="1" name="orangeHRM.CucumberOptions.TestNGRunner" time="22.995" errors="0" timestamp="2023-02-27T14:40:02 IST" skipped="0">
  <testcase classname="orangeHRM.CucumberOptions.TestNGRunner" name="runScenario" time="22.995"/>
  <system-out/>
</testsuite> <!-- orangeHRM.CucumberOptions.TestNGRunner -->
