<?xml version="1.0" encoding="UTF-8"?>
<!-- Generated by org.testng.reporters.JUnitReportReporter -->
<testsuite hostname="DESKTOP-IU57QIH" failures="0" tests="1" name="orangeHRM.CucumberOptions.TestNGRunner" time="7.219" errors="0" timestamp="2023-03-06T18:04:36 IST" skipped="0">
  <testcase classname="orangeHRM.CucumberOptions.TestNGRunner" name="runScenario" time="7.219"/>
  <system-out/>
</testsuite> <!-- orangeHRM.CucumberOptions.TestNGRunner -->
